C51 COMPILER V9.56.0.0   PCF8591                                                           01/15/2022 17:34:43 PAGE 1   


C51 COMPILER V9.56.0.0, COMPILATION OF MODULE PCF8591
OBJECT MODULE PLACED IN .\Objects\PCF8591.obj
COMPILER INVOKED BY: D:\Keil_v5\C51\BIN\C51.EXE PCF8591.C OPTIMIZE(8,SPEED) BROWSE DEBUG OBJECTEXTEND PRINT(.\Listings\P
                    -CF8591.lst) TABS(2) OBJECT(.\Objects\PCF8591.obj)

line level    source

   1          #include "PCF8591.H"
   2          #include "iic.h"
   3          
   4          unsigned char PCF8591_AD(unsigned char channel)
   5          {
   6   1        unsigned char dat;
   7   1        
   8   1        IIC_Start();
   9   1        IIC_SendByte(0x90);
  10   1        IIC_WaitAck();
  11   1        
  12   1        IIC_SendByte(channel);
  13   1        IIC_WaitAck();
  14   1        
  15   1        IIC_Start();
  16   1        IIC_SendByte(0x91);
  17   1        IIC_WaitAck();
  18   1        
  19   1        dat = IIC_RecByte();
  20   1        IIC_SendAck(1);
  21   1        
  22   1        IIC_Stop();
  23   1        
  24   1        return dat;
  25   1      }
  26          
  27          void PCF8591_DA(unsigned char dat)
  28          {
  29   1        IIC_Start();
  30   1        IIC_SendByte(0x90);
  31   1        IIC_WaitAck();
  32   1        
  33   1        IIC_SendByte(0x40);
  34   1        IIC_WaitAck();
  35   1        
  36   1        IIC_SendByte(dat);
  37   1        IIC_WaitAck();
  38   1        
  39   1        IIC_Stop();
  40   1      }


MODULE INFORMATION:   STATIC OVERLAYABLE
   CODE SIZE        =     80    ----
   CONSTANT SIZE    =   ----    ----
   XDATA SIZE       =   ----    ----
   PDATA SIZE       =   ----    ----
   DATA SIZE        =   ----       3
   IDATA SIZE       =   ----    ----
   BIT SIZE         =   ----    ----
END OF MODULE INFORMATION.


C51 COMPILATION COMPLETE.  0 WARNING(S),  0 ERROR(S)
