C51 COMPILER V9.56.0.0   MAIN                                                              04/06/2022 19:33:01 PAGE 1   


C51 COMPILER V9.56.0.0, COMPILATION OF MODULE MAIN
OBJECT MODULE PLACED IN .\Objects\main.obj
COMPILER INVOKED BY: D:\Keil_v5\C51\BIN\C51.EXE main.c OPTIMIZE(8,SPEED) BROWSE DEBUG OBJECTEXTEND PRINT(.\Listings\main
                    -.lst) TABS(2) OBJECT(.\Objects\main.obj)

line level    source

   1          #include "STC15F2K60S2.H"
   2          #include "onewire.h"
   3          #include "iic.h"
   4          #include "my.h"
   5          
   6          sbit L1 = P0^0;
   7          sbit L2 = P0^1;
   8          sbit L3 = P0^2;
   9          sbit L4 = P0^3;
  10          
  11          code unsigned char duan[]={0xc0, 0xf9, 0xa4, 0xb0, 0x99, 0x92, 0x82, 0xf8, 0x80, 0x90, 0x88, 0x83, 0xc6, 0
             -xa1, 0x86, 0x8e};
  12          unsigned char Dis_Mod = 0;
  13          unsigned char DAC_Mod = 1;
  14          unsigned int Ds18b20_Temp = 0;
  15          unsigned int Set_Temp = 25;
  16          unsigned int Temp_Set = 25;
  17          unsigned int A_Out = 500;
  18          
  19          void Display(void)
  20          {
  21   1        unsigned char i;
  22   1        if(Dis_Mod == 0)
  23   1        {
  24   2          //Ds18b20_Temp = rd_temperature();
  25   2          for(i = 0; i < 8; i++)
  26   2          {
  27   3            InputP0(6,0x01<<i);
  28   3            switch(i)
  29   3            {
  30   4              case 0:InputP0(7,duan[0x0C]);break;
  31   4              
  32   4              case 1:InputP0(7,0xFF);break;
  33   4              case 2:InputP0(7,0xFF);break;
  34   4              case 3:InputP0(7,0xFF);break;
  35   4              
  36   4              case 4:InputP0(7,duan[Ds18b20_Temp/1000]);break;
  37   4              case 5:InputP0(7,duan[Ds18b20_Temp%1000/100]&0x7F);break;
  38   4              case 6:InputP0(7,duan[Ds18b20_Temp%100/10]);break;
  39   4              case 7:InputP0(7,duan[Ds18b20_Temp%10]);break;
  40   4            }
  41   3            Delay(10);
  42   3            InputP0(7,0xFF);
  43   3          }
  44   2        }
  45   1        if(Dis_Mod == 1)
  46   1        {
  47   2          for(i = 0; i < 8; i++)
  48   2          {
  49   3            InputP0(6,0x01<<i);
  50   3            switch(i)
  51   3            {
  52   4              case 0:InputP0(7,0x8C);break;
  53   4              
C51 COMPILER V9.56.0.0   MAIN                                                              04/06/2022 19:33:01 PAGE 2   

  54   4              case 1:InputP0(7,0xFF);break;
  55   4              case 2:InputP0(7,0xFF);break;
  56   4              case 3:InputP0(7,0xFF);break;
  57   4              
  58   4              case 4:InputP0(7,0xFF);break;
  59   4              case 5:InputP0(7,0xFF);break;
  60   4              case 6:InputP0(7,duan[Set_Temp/10]);break;
  61   4              case 7:InputP0(7,duan[Set_Temp%10]);break;
  62   4            }
  63   3            Delay(10);
  64   3            InputP0(7,0xFF);
  65   3          }
  66   2        }
  67   1        if(Dis_Mod == 2)
  68   1        {
  69   2          for(i = 0; i < 8; i++)
  70   2          {
  71   3            InputP0(6,0x01<<i);
  72   3            switch(i)
  73   3            {
  74   4              case 0:InputP0(7,duan[0x0A]);break;
  75   4              
  76   4              case 1:InputP0(7,0xFF);break;
  77   4              case 2:InputP0(7,0xFF);break;
  78   4              case 3:InputP0(7,0xFF);break;
  79   4              
  80   4              case 4:InputP0(7,0xFF);break;
  81   4              case 5:InputP0(7,duan[A_Out/100]&0x7F);break;
  82   4              case 6:InputP0(7,duan[A_Out%100/10]);break;
  83   4              case 7:InputP0(7,duan[A_Out%10]);break;
  84   4            }
  85   3            Delay(10);
  86   3            InputP0(7,0xFF);
  87   3          }
  88   2        }
  89   1      }
  90          
  91          unsigned char Key_Scanf(void)
  92          {
  93   1        unsigned char row = 0,col = 0;
  94   1        P44 = 1; P42 = 1; P35 = 1; P34 = 1; P33 = 0; P32 = 0; P31 = 0; P30 = 0;
  95   1        Delay(10);
  96   1        if(P44 == 0)
  97   1          row = 1;
  98   1        else if(P42 == 0)
  99   1          row = 2;
 100   1        else if(P35 == 0)
 101   1          row = 3;
 102   1        else if(P34 == 0)
 103   1          row = 4;
 104   1        else
 105   1          row = 0;
 106   1        
 107   1        P44 = 0; P42 = 0; P35 = 0; P34 = 0; P33 = 1; P32 = 1; P31 = 1; P30 = 1;
 108   1        Delay(10);
 109   1        if(P33 == 0)
 110   1          col = 1;
 111   1        else if(P32 == 0)
 112   1          col = 2;
 113   1        else if(P31 == 0)
 114   1          col = 3;
 115   1        else if(P30 == 0)
C51 COMPILER V9.56.0.0   MAIN                                                              04/06/2022 19:33:01 PAGE 3   

 116   1          col = 4;
 117   1        else
 118   1          col = 0;
 119   1        
 120   1        if(col != 0 && row != 0)
 121   1          return row * 4 + col - 1;
 122   1        else
 123   1          return 0;
 124   1      }
 125          
 126          void Key_Work(void)
 127          {
 128   1        if(Key_Scanf() == 4)
 129   1        {
 130   2          Delay(10);
 131   2          if(Key_Scanf() == 4)
 132   2          {
 133   3            while(Key_Scanf() == 4)
 134   3              Display();
 135   3            Dis_Mod = (Dis_Mod + 1) % 3;
 136   3            if(Dis_Mod == 1)
 137   3              Temp_Set = Set_Temp;
 138   3          }
 139   2        }
 140   1        if(Key_Scanf() == 8 && Dis_Mod == 1)
 141   1        {
 142   2          Delay(10);
 143   2          if(Key_Scanf() == 8)
 144   2          {
 145   3            while(Key_Scanf() == 8)
 146   3              Display();
 147   3            if(Set_Temp >= 1)
 148   3              Set_Temp = Set_Temp - 1;
 149   3          }
 150   2        }
 151   1        if(Key_Scanf() == 9 && Dis_Mod == 1)
 152   1        {
 153   2          Delay(10);
 154   2          if(Key_Scanf() == 9)
 155   2          {
 156   3            while(Key_Scanf() == 9)
 157   3              Display();
 158   3            if(Set_Temp <= 98)
 159   3              Set_Temp = Set_Temp + 1;
 160   3          }
 161   2        }
 162   1        if(Key_Scanf() == 5)
 163   1        {
 164   2          Delay(10);
 165   2          if(Key_Scanf() == 5)
 166   2          {
 167   3            while(Key_Scanf() == 5)
 168   3              Display();
 169   3            DAC_Mod = DAC_Mod + 1;
 170   3            if(DAC_Mod == 3)
 171   3              DAC_Mod = 1;
 172   3          }
 173   2        }
 174   1      }
 175          
 176          void Work(void)
 177          {
C51 COMPILER V9.56.0.0   MAIN                                                              04/06/2022 19:33:01 PAGE 4   

 178   1        Ds18b20_Temp = rd_temperature();
 179   1        if(DAC_Mod == 1)
 180   1        {
 181   2          if(Ds18b20_Temp < Temp_Set * 100)
 182   2            A_Out = 0;
 183   2          else
 184   2            A_Out = 500;
 185   2        }
 186   1        if(DAC_Mod == 2)
 187   1        {
 188   2          if(Ds18b20_Temp < 20 * 100)
 189   2            A_Out = 100;
 190   2          else if(20 * 100 <= Ds18b20_Temp && Ds18b20_Temp <= 40 * 100)
 191   2            A_Out = 0.15 * Ds18b20_Temp - 200;
 192   2          else
 193   2            A_Out = 400;
 194   2        }
 195   1        PCF8591_DAC(A_Out);
 196   1      }
 197          
 198          void LED(void)
 199          {
 200   1        InitHC138(4);
 201   1        if(DAC_Mod == 1)
 202   1          L1 = 0;
 203   1        else
 204   1          L1 = 1;
 205   1        if(Dis_Mod == 0)
 206   1          L2 = 0;
 207   1        else
 208   1          L2 = 1;
 209   1        if(Dis_Mod == 1)
 210   1          L3 = 0;
 211   1        else
 212   1          L3 = 1;
 213   1        if(Dis_Mod == 2)
 214   1          L4 = 0;
 215   1        else
 216   1          L4 = 1;
 217   1      }
 218          
 219          void main(void)
 220          {
 221   1        InputP0(5,0x00);
 222   1        InputP0(4,0xFF);
 223   1        while(1)
 224   1        {
 225   2          LED();
 226   2          Work();
 227   2          Key_Work();
 228   2          Display();
 229   2        }
 230   1      }


MODULE INFORMATION:   STATIC OVERLAYABLE
   CODE SIZE        =   1184    ----
   CONSTANT SIZE    =     16    ----
   XDATA SIZE       =   ----    ----
   PDATA SIZE       =   ----    ----
   DATA SIZE        =     10       3
   IDATA SIZE       =   ----    ----
C51 COMPILER V9.56.0.0   MAIN                                                              04/06/2022 19:33:01 PAGE 5   

   BIT SIZE         =   ----    ----
END OF MODULE INFORMATION.


C51 COMPILATION COMPLETE.  0 WARNING(S),  0 ERROR(S)
