C51 COMPILER V9.56.0.0   AT24C02                                                           01/08/2022 14:00:46 PAGE 1   


C51 COMPILER V9.56.0.0, COMPILATION OF MODULE AT24C02
OBJECT MODULE PLACED IN .\Objects\AT24C02.obj
COMPILER INVOKED BY: D:\Keil_v5\C51\BIN\C51.EXE AT24C02.C OPTIMIZE(8,SPEED) BROWSE DEBUG OBJECTEXTEND PRINT(.\Listings\A
                    -T24C02.lst) TABS(2) OBJECT(.\Objects\AT24C02.obj)

line level    source

   1          #include "AT24C02.H"
   2          #include "iic.h"
   3          #include "my.h"
   4          #include "STC15F2K60S2.H"
   5          
   6          void AT24C02_Write_Byte(unsigned char addr,unsigned char dat)
   7          {
   8   1        EA = 0;
   9   1        IIC_Start();
  10   1        IIC_SendByte(0xA0);
  11   1        IIC_WaitAck();
  12   1        
  13   1        IIC_SendByte(addr);
  14   1        IIC_WaitAck();
  15   1        
  16   1        IIC_SendByte(dat);
  17   1        IIC_WaitAck();
  18   1        
  19   1        IIC_Stop();
  20   1        EA = 1;
  21   1        Delay(20);
  22   1      }
  23          
  24          unsigned char AT24C02_Read_Byte(unsigned char addr)
  25          {
  26   1        unsigned char dat;
  27   1        EA = 0;
  28   1        IIC_Start();
  29   1        IIC_SendByte(0xA0);
  30   1        IIC_WaitAck();
  31   1        
  32   1        IIC_SendByte(addr);
  33   1        IIC_WaitAck();
  34   1        
  35   1        IIC_Start();
  36   1        IIC_SendByte(0xA1);
  37   1        IIC_WaitAck();
  38   1        
  39   1        dat = IIC_RecByte();
  40   1        IIC_SendAck(1);
  41   1        
  42   1        IIC_Stop();
  43   1        EA = 1;
  44   1        
  45   1        return dat;
  46   1      }


MODULE INFORMATION:   STATIC OVERLAYABLE
   CODE SIZE        =     95    ----
   CONSTANT SIZE    =   ----    ----
   XDATA SIZE       =   ----    ----
   PDATA SIZE       =   ----    ----
   DATA SIZE        =   ----       4
C51 COMPILER V9.56.0.0   AT24C02                                                           01/08/2022 14:00:46 PAGE 2   

   IDATA SIZE       =   ----    ----
   BIT SIZE         =   ----    ----
END OF MODULE INFORMATION.


C51 COMPILATION COMPLETE.  0 WARNING(S),  0 ERROR(S)
