C51 COMPILER V9.56.0.0   MAIN                                                              01/08/2022 14:00:46 PAGE 1   


C51 COMPILER V9.56.0.0, COMPILATION OF MODULE MAIN
OBJECT MODULE PLACED IN .\Objects\main.obj
COMPILER INVOKED BY: D:\Keil_v5\C51\BIN\C51.EXE main.c OPTIMIZE(8,SPEED) BROWSE DEBUG OBJECTEXTEND PRINT(.\Listings\main
                    -.lst) TABS(2) OBJECT(.\Objects\main.obj)

line level    source

   1          #include "STC15F2K60S2.H"
   2          #include "PCF8591.H"
   3          #include "AT24C02.H"
   4          #include "my.h"
   5          
   6          code unsigned char duan[]={0xc0, 0xf9, 0xa4, 0xb0, 0x99, 0x92, 0x82, 0xf8, 0x80, 0x90, 0x88, 0x83, 0xc6, 0
             -xa1, 0x86, 0x8e};
   7          
   8          unsigned char Display_Mod = 0;  //显示模式，0：数据界面，1：参数界面，2：计数界面
   9          unsigned long Count = 0;        //计数值
  10          unsigned char Vp = 0;           //电压参数值*10
  11          unsigned char D_AIN3 = 0;       //模数转化值
  12          unsigned int V_AIN3 = 0;        //电压测量值*100
  13          unsigned char Invalid = 0;      //无效操作次数
  14          unsigned char Flag = 0;         //下降标志，0代表上升，1代表下降
  15          unsigned char Key_Value = 0;
  16          unsigned char Count_Time = 0;
  17          unsigned char LED = 0xFF;
  18          
  19          void Display(unsigned char mod)
  20          {
  21   1        switch(mod)
  22   1        {
  23   2          //数据界面显示
  24   2          case 0:InputP0(6,0x01);InputP0(7,0xC1);Delay(8);InputP0(7,0xFF); //U
  25   2          InputP0(6,0x02);InputP0(7,0xFF);Delay(8);InputP0(7,0xFF); //熄灭
  26   2          InputP0(6,0x04);InputP0(7,0xFF);Delay(8);InputP0(7,0xFF); //熄灭
  27   2          InputP0(6,0x08);InputP0(7,0xFF);Delay(8);InputP0(7,0xFF); //熄灭
  28   2          InputP0(6,0x10);InputP0(7,0xFF);Delay(8);InputP0(7,0xFF); //熄灭
  29   2          InputP0(6,0x20);InputP0(7,duan[V_AIN3/100]&0x7F);Delay(8);InputP0(7,0xFF);  //3.
  30   2          InputP0(6,0x40);InputP0(7,duan[V_AIN3%100/10]);Delay(8);InputP0(7,0xFF);    //2
  31   2          InputP0(6,0x80);InputP0(7,duan[V_AIN3%10]);Delay(8);InputP0(7,0xFF);        //4
  32   2          break;
  33   2          //参数显示界面
  34   2          case 1:InputP0(6,0x01);InputP0(7,0x8C);Delay(8);InputP0(7,0xFF); //P
  35   2          InputP0(6,0x02);InputP0(7,0xFF);Delay(8);InputP0(7,0xFF); //熄灭
  36   2          InputP0(6,0x04);InputP0(7,0xFF);Delay(8);InputP0(7,0xFF); //熄灭
  37   2          InputP0(6,0x08);InputP0(7,0xFF);Delay(8);InputP0(7,0xFF); //熄灭
  38   2          InputP0(6,0x10);InputP0(7,0xFF);Delay(8);InputP0(7,0xFF); //熄灭
  39   2          InputP0(6,0x20);InputP0(7,duan[Vp/10]&0x7F);Delay(8);InputP0(7,0xFF); //3.
  40   2          InputP0(6,0x40);InputP0(7,duan[Vp%10]);Delay(8);InputP0(7,0xFF);        //0
  41   2          InputP0(6,0x80);InputP0(7,duan[0]);Delay(8);InputP0(7,0xFF);            //0
  42   2          break;
  43   2          //计数界面
  44   2          case 2:InputP0(6,0x01);InputP0(7,0xC8);Delay(8);InputP0(7,0xFF); //N
  45   2          if(Count >= 1000000){InputP0(6,0x02);InputP0(7,duan[Count/1000000]);}Delay(8);InputP0(7,0xFF);
  46   2          if(Count >= 100000){InputP0(6,0x04);InputP0(7,duan[Count%1000000/100000]);}Delay(8);InputP0(7,0xFF);
  47   2          if(Count >= 10000){InputP0(6,0x08);InputP0(7,duan[Count%100000/10000]);}Delay(8);InputP0(7,0xFF);
  48   2          if(Count >= 1000){InputP0(6,0x10);InputP0(7,duan[Count%10000/1000]);}Delay(8);InputP0(7,0xFF);
  49   2          if(Count >= 100){InputP0(6,0x20);InputP0(7,duan[Count%1000/100]);}Delay(8);InputP0(7,0xFF);
  50   2          if(Count >= 10){InputP0(6,0x40);InputP0(7,duan[Count%100/10]);}Delay(8);InputP0(7,0xFF);
  51   2          InputP0(6,0x80);InputP0(7,duan[Count%10]);Delay(8);InputP0(7,0xFF);
  52   2          break;
  53   2        }
C51 COMPILER V9.56.0.0   MAIN                                                              01/08/2022 14:00:46 PAGE 2   

  54   1      }
  55          
  56          void AD_AIN3(void)
  57          {
  58   1        D_AIN3 = PCF8591_AD(0x03);
  59   1        V_AIN3 = (unsigned int)((double)(D_AIN3)*5/255*100+0.5);
  60   1        if(Flag == 1 && V_AIN3 <= (unsigned int)(Vp)*10)
  61   1        {
  62   2          Flag = 0;
  63   2          Count++;
  64   2          Display(Display_Mod);
  65   2        }
  66   1        if(Count % 2 == 1)
  67   1          LED = LED & 0xFD;
  68   1        else
  69   1          LED = LED | 0x02;
  70   1        if(V_AIN3 > (unsigned int)(Vp)*10)
  71   1        {
  72   2          Flag = 1;
  73   2          TR0 = 0;
  74   2          InitHC138(4);
  75   2          LED = LED | 0x01;
  76   2          Count_Time = 0;
  77   2        }
  78   1        else
  79   1        {
  80   2          TR0 = 1;
  81   2          Flag = 0;
  82   2        }
  83   1      }
  84          
  85          unsigned char Key_Scanf(void)
  86          {
  87   1        unsigned char key_value,row,col;
  88   1        P44 = 0;P42 = 0;P35 = 0; P34 = 0; P33 = 1; P32 = 1; P31 = 1; P30 = 1;
  89   1        Delay(10);
  90   1        if(P33 == 0) row = 1;
  91   1        else if(P32 == 0) row = 2;
  92   1        else if(P31 == 0) row = 3;
  93   1        else if(P30 == 0) row = 4;
  94   1        else row = 0;
  95   1        
  96   1        Delay(10);
  97   1        
  98   1        P44 = 1;P42 = 1;P35 = 1; P34 = 1; P33 = 0; P32 = 0; P31 = 0; P30 = 0;
  99   1        Delay(10);
 100   1        if(P44 == 0) col = 1;
 101   1        else if(P42 == 0) col = 2;
 102   1        else if(P35 == 0) col = 3;
 103   1        else if(P34 == 0) col = 4;
 104   1        else col = 0;
 105   1        
 106   1        P44 = 0;P42 = 0;P35 = 0; P34 = 0; P33 = 0; P32 = 0; P31 = 0; P30 = 0;
 107   1        
 108   1        if(row && col)
 109   1          key_value = 4 * col + row - 1;
 110   1        else
 111   1          key_value = 0;
 112   1        
 113   1        return key_value;
 114   1      }
 115          
C51 COMPILER V9.56.0.0   MAIN                                                              01/08/2022 14:00:46 PAGE 3   

 116          void Key_Work(void)
 117          {
 118   1        Key_Value = Key_Scanf();
 119   1        //显示界面切换
 120   1        if(Key_Value == 12)
 121   1        {
 122   2          Display_Mod = (Display_Mod + 1) % 3;
 123   2          if(Display_Mod == 2)
 124   2            AT24C02_Write_Byte(0x00,Vp);
 125   2          Invalid = 0;
 126   2          while(Key_Value == 12)
 127   2          {
 128   3            Key_Value = Key_Scanf();
 129   3            Display(Display_Mod);
 130   3          }
 131   2        }
 132   1        //计数清零
 133   1        if(Key_Value == 13)
 134   1        {
 135   2          if(Display_Mod != 2)
 136   2            Invalid++;
 137   2          else
 138   2          {
 139   3            Count = 0;
 140   3            Invalid = 0;
 141   3          }
 142   2          while(Key_Value == 13)
 143   2          {
 144   3            Key_Value = Key_Scanf();
 145   3            Display(Display_Mod);
 146   3          }
 147   2        }
 148   1        //参数加
 149   1        if(Key_Value == 16)
 150   1        {
 151   2          if(Display_Mod != 1)
 152   2            Invalid++;
 153   2          else
 154   2          {
 155   3            Vp = (Vp + 5) % 55;
 156   3            Invalid = 0;
 157   3          }
 158   2          while(Key_Value == 16)
 159   2          {
 160   3            Key_Value = Key_Scanf();
 161   3            Display(Display_Mod);
 162   3          }
 163   2        }
 164   1        //参数减
 165   1        if(Key_Value == 17)
 166   1        {
 167   2          if(Display_Mod != 1)
 168   2            Invalid++;
 169   2          else
 170   2          {
 171   3            if(Vp != 0)
 172   3              Vp = Vp - 5;
 173   3            else
 174   3              Vp = 50;
 175   3            Invalid = 0;
 176   3          }
 177   2          while(Key_Value == 17)
C51 COMPILER V9.56.0.0   MAIN                                                              01/08/2022 14:00:46 PAGE 4   

 178   2          {
 179   3            Key_Value = Key_Scanf();
 180   3            Display(Display_Mod);
 181   3          }
 182   2        }
 183   1        if(Invalid >= 3)
 184   1        {
 185   2          LED = LED & 0xFB;
 186   2        }
 187   1        else
 188   1        {
 189   2          LED = LED | 0x04;
 190   2        }
 191   1      }
 192          
 193          void Work_Init(void)
 194          {
 195   1        InputP0(5,0x00);
 196   1        InputP0(4,0xFF);
 197   1        Count = 0;
 198   1        Vp = AT24C02_Read_Byte(0x00);
 199   1      }
 200          
 201          void T0_Init(void)
 202          {
 203   1        TMOD = 0x01;
 204   1        TH0 = (65536 - 50000) / 256;
 205   1        TL0 = (65536 - 50000) % 256;
 206   1        ET0 = 1;
 207   1        EA = 1;
 208   1        TR0 = 0;
 209   1      }
 210          
 211          void main(void)
 212          {
 213   1        T0_Init();
 214   1        Work_Init();
 215   1        while(1)
 216   1        {
 217   2          AD_AIN3();
 218   2          Display(Display_Mod);
 219   2          Key_Work();
 220   2          InputP0(4,LED);
 221   2        }
 222   1      }
 223          
 224          void T0_Ser(void) interrupt 1
 225          {
 226   1        TH0 = (65536 - 50000) / 256;
 227   1        TL0 = (65536 - 50000) % 256;
 228   1        Count_Time++;
 229   1        if(Count_Time == 100)
 230   1        {
 231   2          InitHC138(4);
 232   2          LED = LED & 0xFE;
 233   2          TR0 = 0;
 234   2        }
 235   1      }


MODULE INFORMATION:   STATIC OVERLAYABLE
   CODE SIZE        =   1836    ----
C51 COMPILER V9.56.0.0   MAIN                                                              01/08/2022 14:00:46 PAGE 5   

   CONSTANT SIZE    =     16    ----
   XDATA SIZE       =   ----    ----
   PDATA SIZE       =   ----    ----
   DATA SIZE        =     14       3
   IDATA SIZE       =   ----    ----
   BIT SIZE         =   ----    ----
END OF MODULE INFORMATION.


C51 COMPILATION COMPLETE.  0 WARNING(S),  0 ERROR(S)
