C51 COMPILER V9.56.0.0   PCF8591                                                           01/08/2022 14:00:46 PAGE 1   


C51 COMPILER V9.56.0.0, COMPILATION OF MODULE PCF8591
OBJECT MODULE PLACED IN .\Objects\PCF8591.obj
COMPILER INVOKED BY: D:\Keil_v5\C51\BIN\C51.EXE PCF8591.C OPTIMIZE(8,SPEED) BROWSE DEBUG OBJECTEXTEND PRINT(.\Listings\P
                    -CF8591.lst) TABS(2) OBJECT(.\Objects\PCF8591.obj)

line level    source

   1          #include "PCF8591.H"
   2          #include "STC15F2K60S2.H"
   3          #include "iic.h"
   4          
   5          unsigned char PCF8591_AD(unsigned char channel)
   6          {
   7   1        unsigned char dat;
   8   1        
   9   1        EA = 0;
  10   1        IIC_Start();
  11   1        IIC_SendByte(0x90);
  12   1        IIC_WaitAck();
  13   1        
  14   1        IIC_SendByte(channel);
  15   1        IIC_WaitAck();
  16   1        
  17   1        IIC_Stop();
  18   1        
  19   1        IIC_Start();
  20   1        IIC_SendByte(0x91);
  21   1        IIC_WaitAck();
  22   1        
  23   1        dat = IIC_RecByte();
  24   1        IIC_SendAck(1);
  25   1        
  26   1        IIC_Stop();
  27   1        EA = 1;
  28   1        
  29   1        return dat;
  30   1      }


MODULE INFORMATION:   STATIC OVERLAYABLE
   CODE SIZE        =     55    ----
   CONSTANT SIZE    =   ----    ----
   XDATA SIZE       =   ----    ----
   PDATA SIZE       =   ----    ----
   DATA SIZE        =   ----       2
   IDATA SIZE       =   ----    ----
   BIT SIZE         =   ----    ----
END OF MODULE INFORMATION.


C51 COMPILATION COMPLETE.  0 WARNING(S),  0 ERROR(S)
