C51 COMPILER V9.52.0.0   UART                                                              05/06/2018 10:56:28 PAGE 1   


C51 COMPILER V9.52.0.0, COMPILATION OF MODULE UART
OBJECT MODULE PLACED IN .\uart.obj
COMPILER INVOKED BY: D:\Keil_v4\C51\BIN\C51.EXE ..\c and h\uart.c BROWSE DEBUG OBJECTEXTEND PRINT(.\uart.lst) TABS(2) OB
                    -JECT(.\uart.obj)

line level    source

   1          #include <stc15.h>
   2          #include "uart.h"
   3          
   4          unsigned char uart_rx_buffer[8];
   5          
   6          bit busy;
   7          void UartInit(void)   //9600bps@11.0592MHz
   8          {
   9   1        SCON = 0x50;    //8???,?????
  10   1        AUXR |= 0x40;   //???1???Fosc,?1T
  11   1        AUXR &= 0xFE;   //??1?????1???????
  12   1        TMOD &= 0x0F;   //?????1?16???????
  13   1        TL1 = 0xE0;   //??????
  14   1        TH1 = 0xFE;   //??????
  15   1        ET1 = 0;    //?????1??
  16   1        TR1 = 1;    //?????1
  17   1        ES=1;
  18   1        EA=1;
  19   1      }
  20          void Uart() interrupt 4 using 1
  21          {
  22   1        static unsigned char  rx_count=0;
  23   1          if (RI)
  24   1          {
  25   2              RI = 0;   
  26   2              if(rx_count<8)
  27   2              {         
  28   3                uart_rx_buffer[rx_count] = SBUF;
  29   3                rx_count++;
  30   3              }
  31   2              else
  32   2                rx_count=0;
  33   2          }
  34   1          if (TI)
  35   1          {
  36   2              TI = 0;                 
  37   2              busy = 0;               
  38   2          }
  39   1      }
  40          void SendData(unsigned char dat)
  41          {
  42   1          while (busy);               
  43   1          busy = 1;
  44   1          SBUF = dat;                 
  45   1      }
  46          
  47          void SendString(char *s)
  48          {
  49   1          while (*s)                 
  50   1          {
  51   2              SendData(*s++);         
  52   2          }
  53   1      }
  54          
C51 COMPILER V9.52.0.0   UART                                                              05/06/2018 10:56:28 PAGE 2   

  55          
  56          
  57          
  58          
  59          
  60          


MODULE INFORMATION:   STATIC OVERLAYABLE
   CODE SIZE        =    117    ----
   CONSTANT SIZE    =   ----    ----
   XDATA SIZE       =   ----    ----
   PDATA SIZE       =   ----    ----
   DATA SIZE        =      9       3
   IDATA SIZE       =   ----    ----
   BIT SIZE         =      1    ----
END OF MODULE INFORMATION.


C51 COMPILATION COMPLETE.  0 WARNING(S),  0 ERROR(S)
