C51 COMPILER V9.56.0.0   PCF8591                                                           01/23/2022 13:41:25 PAGE 1   


C51 COMPILER V9.56.0.0, COMPILATION OF MODULE PCF8591
OBJECT MODULE PLACED IN .\Objects\PCF8591.obj
COMPILER INVOKED BY: D:\Keil_v5\C51\BIN\C51.EXE PCF8591.C OPTIMIZE(8,SPEED) BROWSE DEBUG OBJECTEXTEND PRINT(.\Listings\P
                    -CF8591.lst) TABS(2) OBJECT(.\Objects\PCF8591.obj)

line level    source

   1          #include "iic.h"
   2          
   3          unsigned char AD_Rd1(void)
   4          {
   5   1        unsigned char dat;
   6   1        IIC_Start();
   7   1        IIC_SendByte(0x90);
   8   1        IIC_WaitAck();
   9   1        IIC_SendByte(0x01);
  10   1        IIC_WaitAck();
  11   1        
  12   1        IIC_Start();
  13   1        IIC_SendByte(0x91);
  14   1        IIC_WaitAck();
  15   1        dat = IIC_RecByte();
  16   1        IIC_SendAck(1);
  17   1        
  18   1        IIC_Stop();
  19   1        return dat;
  20   1      }


MODULE INFORMATION:   STATIC OVERLAYABLE
   CODE SIZE        =     46    ----
   CONSTANT SIZE    =   ----    ----
   XDATA SIZE       =   ----    ----
   PDATA SIZE       =   ----    ----
   DATA SIZE        =   ----       1
   IDATA SIZE       =   ----    ----
   BIT SIZE         =   ----    ----
END OF MODULE INFORMATION.


C51 COMPILATION COMPLETE.  0 WARNING(S),  0 ERROR(S)
