C51 COMPILER V9.56.0.0   DS1302                                                            01/23/2022 11:41:23 PAGE 1   


C51 COMPILER V9.56.0.0, COMPILATION OF MODULE DS1302
OBJECT MODULE PLACED IN .\Objects\ds1302.obj
COMPILER INVOKED BY: D:\Keil_v5\C51\BIN\C51.EXE ds1302.c OPTIMIZE(8,SPEED) BROWSE DEBUG OBJECTEXTEND PRINT(.\Listings\ds
                    -1302.lst) TABS(2) OBJECT(.\Objects\ds1302.obj)

line level    source

   1          /*
   2            程序说明: DS1302驱动程序
   3            软件环境: Keil uVision 4.10 
   4            硬件环境: CT107单片机综合实训平台 8051，12MHz
   5            日    期: 2011-8-9
   6          */
   7          
   8          #include <reg52.h>
   9          #include <intrins.h>
  10          #include "ds1302.h"
  11          
  12          sbit SCK=P1^7;    
  13          sbit SDA=P2^3;    
  14          sbit RST = P1^3;   // DS1302复位                        
  15          
  16          void Write_Ds1302(unsigned  char temp) 
  17          {
  18   1        unsigned char i;
  19   1        for (i=0;i<8;i++)       
  20   1        { 
  21   2          SCK=0;
  22   2          SDA=temp&0x01;
  23   2          temp>>=1; 
  24   2          SCK=1;
  25   2        }
  26   1      }   
  27          
  28          void Write_Ds1302_Byte( unsigned char address,unsigned char dat )     
  29          {
  30   1        RST=0;  _nop_();
  31   1        SCK=0;  _nop_();
  32   1        RST=1;  _nop_();  
  33   1        Write_Ds1302(address);  
  34   1        Write_Ds1302(dat);    
  35   1        RST=0; 
  36   1      }
  37          
  38          unsigned char Read_Ds1302_Byte ( unsigned char address )
  39          {
  40   1        unsigned char i,temp=0x00;
  41   1        RST=0;  _nop_();
  42   1        SCK=0;  _nop_();
  43   1        RST=1;  _nop_();
  44   1        Write_Ds1302(address);
  45   1        for (i=0;i<8;i++)   
  46   1        {   
  47   2          SCK=0;
  48   2          temp>>=1; 
  49   2          if(SDA)
  50   2          temp|=0x80; 
  51   2          SCK=1;
  52   2        } 
  53   1        RST=0;  _nop_();
  54   1        SCK=0;  _nop_();
C51 COMPILER V9.56.0.0   DS1302                                                            01/23/2022 11:41:23 PAGE 2   

  55   1        SCK=1;  _nop_();
  56   1        SDA=0;  _nop_();
  57   1        SDA=1;  _nop_();
  58   1        return (temp);      
  59   1      }
  60          
  61          void Ds1302_Write_Time(unsigned char *p)
  62          {
  63   1        Write_Ds1302_Byte(0x8E,0x00);
  64   1        Write_Ds1302_Byte(0x8C,*p/10*16 + *p%10);
  65   1        Write_Ds1302_Byte(0x8A,*(p+1)/10*16 + *(p+1)%10);
  66   1        Write_Ds1302_Byte(0x88,*(p+2)/10*16 + *(p+2)%10);
  67   1        Write_Ds1302_Byte(0x86,*(p+3)/10*16 + *(p+3)%10);
  68   1        Write_Ds1302_Byte(0x84,*(p+4)/10*16 + *(p+4)%10);
  69   1        Write_Ds1302_Byte(0x82,*(p+5)/10*16 + *(p+5)%10);
  70   1        Write_Ds1302_Byte(0x80,*(p+6)/10*16 + *(p+6)%10);
  71   1        Write_Ds1302_Byte(0x8E,0x80);
  72   1      }
  73          
  74          void Ds1302_Read_Time(unsigned char *p)
  75          {
  76   1        *p = Read_Ds1302_Byte(0x8D)/16*10 + Read_Ds1302_Byte(0x8D)%16;
  77   1        *(p+1) = Read_Ds1302_Byte(0x8B)/16*10 + Read_Ds1302_Byte(0x8B)%16;
  78   1        *(p+2) = Read_Ds1302_Byte(0x89)/16*10 + Read_Ds1302_Byte(0x89)%16;
  79   1        *(p+3) = Read_Ds1302_Byte(0x87)/16*10 + Read_Ds1302_Byte(0x87)%16;
  80   1        *(p+4) = Read_Ds1302_Byte(0x85)/16*10 + Read_Ds1302_Byte(0x85)%16;
  81   1        *(p+5) = Read_Ds1302_Byte(0x83)/16*10 + Read_Ds1302_Byte(0x83)%16;
  82   1        *(p+6) = Read_Ds1302_Byte(0x81)/16*10 + Read_Ds1302_Byte(0x81)%16;
  83   1      }


MODULE INFORMATION:   STATIC OVERLAYABLE
   CODE SIZE        =    489    ----
   CONSTANT SIZE    =   ----    ----
   XDATA SIZE       =   ----    ----
   PDATA SIZE       =   ----    ----
   DATA SIZE        =   ----    ----
   IDATA SIZE       =   ----    ----
   BIT SIZE         =   ----    ----
END OF MODULE INFORMATION.


C51 COMPILATION COMPLETE.  0 WARNING(S),  0 ERROR(S)
