C51 COMPILER V9.56.0.0   MAIN                                                              01/15/2022 16:09:25 PAGE 1   


C51 COMPILER V9.56.0.0, COMPILATION OF MODULE MAIN
OBJECT MODULE PLACED IN .\Objects\main.obj
COMPILER INVOKED BY: D:\Keil_v5\C51\BIN\C51.EXE main.c OPTIMIZE(8,SPEED) BROWSE DEBUG OBJECTEXTEND PRINT(.\Listings\main
                    -.lst) TABS(2) OBJECT(.\Objects\main.obj)

line level    source

   1          #include "STC15F2K60S2.H"
   2          
   3          code unsigned char duan[]={0xc0, 0xf9, 0xa4, 0xb0, 0x99, 0x92, 0x82, 0xf8, 0x80, 0x90, 0x88, 0x83, 0xc6, 0
             -xa1, 0x86, 0x8e};
   4          unsigned int COUNT_10MS = 0;
   5          unsigned int FREQ = 0;
   6          
   7          void Delay(unsigned char x)
   8          {
   9   1        unsigned char y;
  10   1        while(x--)
  11   1        {
  12   2          for(y = 120; y > 0; y--);
  13   2        }
  14   1      }
  15          
  16          void InitHC138(unsigned char x)
  17          {
  18   1        switch(x)
  19   1        {
  20   2          case 4:P2 = (P2 & 0x1F) | 0x80;break;
  21   2          case 5:P2 = (P2 & 0x1F) | 0xA0;break;
  22   2          case 6:P2 = (P2 & 0x1F) | 0xC0;break;
  23   2          case 7:P2 = (P2 & 0x1F) | 0xE0;break;
  24   2        }
  25   1      }
  26          
  27          void InputP0(unsigned char mod,unsigned char dat)
  28          {
  29   1        InitHC138(mod);
  30   1        P0 = dat;
  31   1      }
  32          
  33          void Init_Timer(void)
  34          {
  35   1        AUXR = 0x80;
  36   1        TMOD = 0x15;
  37   1        TH0 = 0;
  38   1        TL0 = 0;
  39   1        TF0 = 0;
  40   1        TH1 = (65536 - 10000) / 256;
  41   1        TL1 = (65536 - 10000) % 256;
  42   1        ET0 = 0;
  43   1        TR0 = 1;
  44   1        ET1 = 1;
  45   1        TR1 = 1;
  46   1        EA = 1;
  47   1      }
  48          
  49          void Display_FREQ(void)
  50          {
  51   1        unsigned char i;
  52   1        for(i = 0; i < 8; i++)
  53   1        {
C51 COMPILER V9.56.0.0   MAIN                                                              01/15/2022 16:09:25 PAGE 2   

  54   2          InputP0(6,0x01<<i);
  55   2          switch(i)
  56   2          {
  57   3            case 0:InputP0(7,duan[15]);break;
  58   3            case 1:InputP0(7,0xFF);break;
  59   3            case 2:InputP0(7,0xFF);break;
  60   3            case 3:if(FREQ >= 10000) InputP0(7,duan[FREQ/10000]);else InputP0(7,0xFF);break;
  61   3            case 4:if(FREQ >= 1000) InputP0(7,duan[FREQ%10000/1000]);else InputP0(7,0xFF);break;
  62   3            case 5:if(FREQ >= 100) InputP0(7,duan[FREQ%1000/100]);else InputP0(7,0xFF);break;
  63   3            case 6:if(FREQ >= 10) InputP0(7,duan[FREQ%100/10]);else InputP0(7,0xFF);break;
  64   3            case 7:if(FREQ >= 1) InputP0(7,duan[FREQ%10]);else InputP0(7,0xFF);break;
  65   3          }
  66   2          Delay(8);
  67   2          InputP0(7,0xFF);
  68   2        }
  69   1      }
  70          
  71          void main(void)
  72          {
  73   1        InputP0(5,0x00);
  74   1        InputP0(4,0xFF);
  75   1        Init_Timer();
  76   1        while(1)
  77   1        {
  78   2          Display_FREQ();
  79   2        }
  80   1      }
  81          
  82          void T1_ser(void) interrupt 3
  83          {
  84   1        TH1 = (65536 - 10000) / 256;
  85   1        TL1 = (65536 - 10000) % 256;
  86   1        if(++COUNT_10MS == 200)
  87   1        {
  88   2          FREQ = (TH0 << 8) | TL0;
  89   2          FREQ = FREQ / 2;
  90   2          TH0 = 0;
  91   2          TL0 = 0;
  92   2          COUNT_10MS = 0;
  93   2        }
  94   1      }


MODULE INFORMATION:   STATIC OVERLAYABLE
   CODE SIZE        =    541    ----
   CONSTANT SIZE    =     16    ----
   XDATA SIZE       =   ----    ----
   PDATA SIZE       =   ----    ----
   DATA SIZE        =      4    ----
   IDATA SIZE       =   ----    ----
   BIT SIZE         =   ----    ----
END OF MODULE INFORMATION.


C51 COMPILATION COMPLETE.  0 WARNING(S),  0 ERROR(S)
