C51 COMPILER V9.52.0.0   MAIN                                                              05/18/2018 16:00:42 PAGE 1   


C51 COMPILER V9.52.0.0, COMPILATION OF MODULE MAIN
OBJECT MODULE PLACED IN .\main.obj
COMPILER INVOKED BY: D:\Keil_v4\C51\BIN\C51.EXE ..\c and h\main.c BROWSE DEBUG OBJECTEXTEND PRINT(.\main.lst) TABS(2) OB
                    -JECT(.\main.obj)

line level    source

   1          #include <stc15.h>
   2          
   3          
   4          typedef unsigned char u8;
   5          typedef unsigned int u16;
   6          
   7          
   8          
   9          u16 xdata count;
  10          
  11          
  12          
  13          
  14          void main()
  15          {
  16   1        
  17   1        
  18   1        while(1)
  19   1        {
  20   2          count++;
  21   2          if(count<10)
  22   2          {
  23   3            P0=0xff;P2=0x80;P0=0xfe;P2=0;
  24   3          }
  25   2          else
  26   2          {
  27   3            P2=0x80;P0=0xff;P2=0;
  28   3          }
  29   2          if(count>=1000)count=0; 
  30   2        }
  31   1      }
  32          
  33          
  34          
  35          
  36          
  37          
  38          
  39          
  40          
  41          
  42          
  43          
  44          
  45          
  46          
  47          
  48          
  49          
  50          
  51          
  52          
  53          
  54          
C51 COMPILER V9.52.0.0   MAIN                                                              05/18/2018 16:00:42 PAGE 2   

  55          
  56          
  57          
  58          
  59          
  60          
  61          
  62          
  63          
  64          
  65          
  66          
  67          
  68          
  69          
  70          
  71          
  72          
  73          


MODULE INFORMATION:   STATIC OVERLAYABLE
   CODE SIZE        =     68    ----
   CONSTANT SIZE    =   ----    ----
   XDATA SIZE       =      2    ----
   PDATA SIZE       =   ----    ----
   DATA SIZE        =   ----    ----
   IDATA SIZE       =   ----    ----
   BIT SIZE         =   ----    ----
END OF MODULE INFORMATION.


C51 COMPILATION COMPLETE.  0 WARNING(S),  0 ERROR(S)
