C51 COMPILER V9.56.0.0   AT24C02                                                           01/20/2022 21:15:26 PAGE 1   


C51 COMPILER V9.56.0.0, COMPILATION OF MODULE AT24C02
OBJECT MODULE PLACED IN .\Objects\AT24C02.obj
COMPILER INVOKED BY: D:\Keil_v5\C51\BIN\C51.EXE AT24C02.C OPTIMIZE(8,SPEED) BROWSE DEBUG OBJECTEXTEND PRINT(.\Listings\A
                    -T24C02.lst) TABS(2) OBJECT(.\Objects\AT24C02.obj)

line level    source

   1          #include "iic.h"
   2          #include "AT24C02.H"
   3          
   4          void Write_Byte_24C02(unsigned char addr,unsigned char dat)
   5          {
   6   1        IIC_Start();
   7   1        IIC_SendByte(0xA0);
   8   1        IIC_WaitAck();
   9   1        
  10   1        IIC_SendByte(addr);
  11   1        IIC_WaitAck();
  12   1        
  13   1        IIC_SendByte(dat);
  14   1        IIC_WaitAck();
  15   1        
  16   1        IIC_Stop();
  17   1      }
  18          
  19          unsigned char Read_Byte_24C02(unsigned char addr)
  20          {
  21   1        unsigned char dat;
  22   1        IIC_Start();
  23   1        IIC_SendByte(0xA0);
  24   1        IIC_WaitAck();
  25   1        
  26   1        IIC_SendByte(addr);
  27   1        IIC_WaitAck();
  28   1        
  29   1        IIC_Start();
  30   1        IIC_SendByte(0xA1);
  31   1        IIC_WaitAck();
  32   1        
  33   1        dat = IIC_RecByte();
  34   1        IIC_SendAck(1);
  35   1        
  36   1        IIC_Stop();
  37   1        
  38   1        return dat;
  39   1      }


MODULE INFORMATION:   STATIC OVERLAYABLE
   CODE SIZE        =     82    ----
   CONSTANT SIZE    =   ----    ----
   XDATA SIZE       =   ----    ----
   PDATA SIZE       =   ----    ----
   DATA SIZE        =   ----       4
   IDATA SIZE       =   ----    ----
   BIT SIZE         =   ----    ----
END OF MODULE INFORMATION.


C51 COMPILATION COMPLETE.  0 WARNING(S),  0 ERROR(S)
