C51 COMPILER V9.56.0.0   MY                                                                01/20/2022 21:15:26 PAGE 1   


C51 COMPILER V9.56.0.0, COMPILATION OF MODULE MY
OBJECT MODULE PLACED IN .\Objects\my.obj
COMPILER INVOKED BY: D:\Keil_v5\C51\BIN\C51.EXE my.c OPTIMIZE(8,SPEED) BROWSE DEBUG OBJECTEXTEND PRINT(.\Listings\my.lst
                    -) TABS(2) OBJECT(.\Objects\my.obj)

line level    source

   1          #include "STC15F2K60S2.H"
   2          
   3          void Delay(unsigned char x)
   4          {
   5   1        unsigned char y;
   6   1        while(x--)
   7   1          for(y = 120; y > 0; y--);
   8   1      }
   9          
  10          void InitHC138(unsigned char x)
  11          {
  12   1        switch(x)
  13   1        {
  14   2          case 4:P2 = (P2 & 0x1F) | 0x80;break;
  15   2          case 5:P2 = (P2 & 0x1F) | 0xA0;break;
  16   2          case 6:P2 = (P2 & 0x1F) | 0xC0;break;
  17   2          case 7:P2 = (P2 & 0x1F) | 0xE0;break;
  18   2        }
  19   1      }
  20          
  21          void InputP0(unsigned char mod,unsigned char dat)
  22          {
  23   1        InitHC138(mod);
  24   1        P0 = dat;
  25   1      }


MODULE INFORMATION:   STATIC OVERLAYABLE
   CODE SIZE        =     75    ----
   CONSTANT SIZE    =   ----    ----
   XDATA SIZE       =   ----    ----
   PDATA SIZE       =   ----    ----
   DATA SIZE        =   ----    ----
   IDATA SIZE       =   ----    ----
   BIT SIZE         =   ----    ----
END OF MODULE INFORMATION.


C51 COMPILATION COMPLETE.  0 WARNING(S),  0 ERROR(S)
